[10:37:48] 03/23/2022
usage: /data/home/btx915/.conda/envs/agat/bin/agat_sp_manage_functional_annotation.pl -f /data/SBCS-EizaguirreLab/Alice/StickParaBroOff/Data/06GynoGen_functionalAnnotation/Gy_allnoM_rd3.maker_apocrita.noseq_corrected.gff.streamlined_for_AGAT.gff -b /data/SBCS-EizaguirreLab/Alice/StickParaBroOff/Data/06GynoGen_functionalAnnotation/output_onlyuniprot.blastp --db /data/SBCS-EizaguirreLab/Alice/StickParaBroOff/Data/06GynoGen_functionalAnnotation/GCF_016920845.1_GAculeatus_UGA_version5_protein_AND_uniprot_sprot_23march2022.faa --output /data/SBCS-EizaguirreLab/Alice/StickParaBroOff/Data/06GynoGen_functionalAnnotation/RESULTDIR/functiano_fullprot_dir

********************************************************************************
*                              - Start parsing -                               *
********************************************************************************
-------------------------- parse options and metadata --------------------------
=> Accessing the feature level json files
	Using standard /data/home/btx915/.conda/envs/agat/lib/perl5/site_perl/auto/share/dist/AGAT/features_level1.json file
	Using standard /data/home/btx915/.conda/envs/agat/lib/perl5/site_perl/auto/share/dist/AGAT/features_level2.json file
	Using standard /data/home/btx915/.conda/envs/agat/lib/perl5/site_perl/auto/share/dist/AGAT/features_level3.json file
	Using standard /data/home/btx915/.conda/envs/agat/lib/perl5/site_perl/auto/share/dist/AGAT/features_spread.json file
=> Attribute used to group features when no Parent/ID relationship exists:
	* locus_tag
	* gene_id
=> merge_loci option deactivated
=> Accessing Ontology
	No ontology accessible from the gff file header!
	We use the SOFA ontology distributed with AGAT:
		/data/home/btx915/.conda/envs/agat/lib/perl5/site_perl/auto/share/dist/AGAT/so.obo
	Read ontology /data/home/btx915/.conda/envs/agat/lib/perl5/site_perl/auto/share/dist/AGAT/so.obo:
		4 root terms, and 2472 total terms, and 1436 leaf terms
	Filtering ontology:
		We found 1757 terms that are sequence_feature or is_a child of it.
-------------------------------- parse features --------------------------------
=> GFF parser version used: 3

********************************************************************************
*                               - End parsing -                                *
*                              done in 69 seconds                              *
********************************************************************************

********************************************************************************
*                               - Start checks -                               *
********************************************************************************
---------------------------- Check1: feature types -----------------------------
----------------------------------- ontology -----------------------------------
All feature types in agreement with the Ontology.
------------------------------------- agat -------------------------------------
AGAT can deal with all the encountered feature types (3rd column)
------------------------------ done in 0 seconds -------------------------------

------------------------------ Check2: duplicates ------------------------------
None found
------------------------------ done in 0 seconds -------------------------------

-------------------------- Check3: sequential bucket ---------------------------
Nothing to check as sequential bucket!
------------------------------ done in 0 seconds -------------------------------

--------------------------- Check4: l2 linked to l3 ----------------------------
No problem found
------------------------------ done in 0 seconds -------------------------------

--------------------------- Check5: l1 linked to l2 ----------------------------
No problem found
------------------------------ done in 0 seconds -------------------------------

--------------------------- Check6: remove orphan l1 ---------------------------
We remove only those not supposed to be orphan
None found
------------------------------ done in 0 seconds -------------------------------

------------------------------ Check7: check cds -------------------------------
No problem found
------------------------------ done in 0 seconds -------------------------------

----------------------------- Check8: check exons ------------------------------
No exons created
No exons locations modified
No supernumerary exons removed
No level2 locations modified
------------------------------ done in 10 seconds ------------------------------

------------------------------ Check9: check utrs ------------------------------
No UTRs created
No UTRs locations modified
No supernumerary UTRs removed
------------------------------ done in 5 seconds -------------------------------

------------------------ Check10: all level2 locations -------------------------
No problem found
------------------------------ done in 5 seconds -------------------------------

------------------------ Check11: all level1 locations -------------------------
No problem found
------------------------------ done in 0 seconds -------------------------------

---------------------- Check12: remove identical isoforms ----------------------
None found
------------------------------ done in 0 seconds -------------------------------
********************************************************************************
*                                - End checks -                                *
*                              done in 20 seconds                              *
********************************************************************************

=> OmniscientI total time: 89 seconds
[10:39:18] Parsing Finished
[10:39:18] Compute statistics
[10:39:28] Look at the fasta database
[10:40:31] Parsing Finished
Reading features from /data/SBCS-EizaguirreLab/Alice/StickParaBroOff/Data/06GynoGen_functionalAnnotation/output_onlyuniprot.blastp...
[10:40:32] load FUNCTIONAL information
[10:40:32] Writing result...
[10:40:48] End of script.
********************************************************************************
*                              - Start parsing -                               *
********************************************************************************
-------------------------- parse options and metadata --------------------------
=> Accessing the feature level json files
	Using standard /data/home/btx915/.conda/envs/agat/lib/perl5/site_perl/auto/share/dist/AGAT/features_level1.json file
	Using standard /data/home/btx915/.conda/envs/agat/lib/perl5/site_perl/auto/share/dist/AGAT/features_level2.json file
	Using standard /data/home/btx915/.conda/envs/agat/lib/perl5/site_perl/auto/share/dist/AGAT/features_level3.json file
	Using standard /data/home/btx915/.conda/envs/agat/lib/perl5/site_perl/auto/share/dist/AGAT/features_spread.json file
=> Attribute used to group features when no Parent/ID relationship exists:
	* locus_tag
	* gene_id
=> merge_loci option deactivated
=> Accessing Ontology
	No ontology accessible from the gff file header!
	We use the SOFA ontology distributed with AGAT:
		/data/home/btx915/.conda/envs/agat/lib/perl5/site_perl/auto/share/dist/AGAT/so.obo
	Read ontology /data/home/btx915/.conda/envs/agat/lib/perl5/site_perl/auto/share/dist/AGAT/so.obo:
		4 root terms, and 2472 total terms, and 1436 leaf terms
	Filtering ontology:
		We found 1757 terms that are sequence_feature or is_a child of it.
-------------------------------- parse features --------------------------------
=> GFF parser version used: 3

********************************************************************************
*                               - End parsing -                                *
*                              done in 71 seconds                              *
********************************************************************************

********************************************************************************
*                               - Start checks -                               *
********************************************************************************
---------------------------- Check1: feature types -----------------------------
----------------------------------- ontology -----------------------------------
All feature types in agreement with the Ontology.
------------------------------------- agat -------------------------------------
AGAT can deal with all the encountered feature types (3rd column)
------------------------------ done in 0 seconds -------------------------------

------------------------------ Check2: duplicates ------------------------------
None found
------------------------------ done in 0 seconds -------------------------------

-------------------------- Check3: sequential bucket ---------------------------
Nothing to check as sequential bucket!
------------------------------ done in 0 seconds -------------------------------

--------------------------- Check4: l2 linked to l3 ----------------------------
No problem found
------------------------------ done in 1 seconds -------------------------------

--------------------------- Check5: l1 linked to l2 ----------------------------
No problem found
------------------------------ done in 0 seconds -------------------------------

--------------------------- Check6: remove orphan l1 ---------------------------
We remove only those not supposed to be orphan
None found
------------------------------ done in 0 seconds -------------------------------

------------------------------ Check7: check cds -------------------------------
No problem found
------------------------------ done in 0 seconds -------------------------------

----------------------------- Check8: check exons ------------------------------
No exons created
No exons locations modified
No supernumerary exons removed
No level2 locations modified
------------------------------ done in 8 seconds -------------------------------

------------------------------ Check9: check utrs ------------------------------
No UTRs created
No UTRs locations modified
No supernumerary UTRs removed
------------------------------ done in 5 seconds -------------------------------

------------------------ Check10: all level2 locations -------------------------
No problem found
------------------------------ done in 6 seconds -------------------------------

------------------------ Check11: all level1 locations -------------------------
No problem found
------------------------------ done in 0 seconds -------------------------------

---------------------- Check12: remove identical isoforms ----------------------
None found
------------------------------ done in 0 seconds -------------------------------
********************************************************************************
*                                - End checks -                                *
*                              done in 20 seconds                              *
********************************************************************************

=> OmniscientI total time: 91 seconds
