Loading R/4.0.2
  Loading requirement: java/1.8.0_171-oracle

---------------------
Welcome to dendextend version 1.15.2
Type citation('dendextend') for how to cite the package.

Type browseVignettes(package = 'dendextend') for the package vignette.
The github page is: https://github.com/talgalili/dendextend/

Suggestions and bug-reports can be submitted at: https://github.com/talgalili/dendextend/issues
You may ask questions at stackoverflow, use the r and dendextend tags: 
	 https://stackoverflow.com/questions/tagged/dendextend

	To suppress this message use:  suppressPackageStartupMessages(library(dendextend))
---------------------


Attaching package: 'dendextend'

The following object is masked from 'package:stats':

    cutree

Loading required package: Matrix

Attaching package: 'nlme'

The following object is masked from 'package:lme4':

    lmList

-- Attaching packages --------------------------------------- tidyverse 1.3.1 --
v tibble  3.1.6     v dplyr   1.0.8
v tidyr   1.2.0     v stringr 1.4.0
v readr   2.1.2     v forcats 0.5.1
v purrr   0.3.4     
-- Conflicts ------------------------------------------ tidyverse_conflicts() --
x dplyr::arrange()   masks plyr::arrange()
x dplyr::collapse()  masks nlme::collapse()
x purrr::compact()   masks plyr::compact()
x dplyr::count()     masks plyr::count()
x tidyr::expand()    masks Matrix::expand()
x dplyr::failwith()  masks plyr::failwith()
x dplyr::filter()    masks stats::filter()
x dplyr::id()        masks plyr::id()
x dplyr::lag()       masks stats::lag()
x dplyr::mutate()    masks plyr::mutate()
x tidyr::pack()      masks Matrix::pack()
x dplyr::rename()    masks plyr::rename()
x dplyr::summarise() masks plyr::summarise()
x dplyr::summarize() masks plyr::summarize()
x tidyr::unpack()    masks Matrix::unpack()
Loading required package: GenomicRanges
Loading required package: stats4
Loading required package: BiocGenerics
Loading required package: parallel

Attaching package: 'BiocGenerics'

The following objects are masked from 'package:parallel':

    clusterApply, clusterApplyLB, clusterCall, clusterEvalQ,
    clusterExport, clusterMap, parApply, parCapply, parLapply,
    parLapplyLB, parRapply, parSapply, parSapplyLB

The following objects are masked from 'package:dplyr':

    combine, intersect, setdiff, union

The following objects are masked from 'package:stats':

    IQR, mad, sd, var, xtabs

The following objects are masked from 'package:base':

    Filter, Find, Map, Position, Reduce, anyDuplicated, append,
    as.data.frame, basename, cbind, colnames, dirname, do.call,
    duplicated, eval, evalq, get, grep, grepl, intersect, is.unsorted,
    lapply, mapply, match, mget, order, paste, pmax, pmax.int, pmin,
    pmin.int, rank, rbind, rownames, sapply, setdiff, sort, table,
    tapply, union, unique, unsplit, which.max, which.min

Loading required package: S4Vectors

Attaching package: 'S4Vectors'

The following objects are masked from 'package:dplyr':

    first, rename

The following object is masked from 'package:tidyr':

    expand

The following object is masked from 'package:Matrix':

    expand

The following object is masked from 'package:plyr':

    rename

The following object is masked from 'package:base':

    expand.grid

Loading required package: IRanges

Attaching package: 'IRanges'

The following objects are masked from 'package:dplyr':

    collapse, desc, slice

The following object is masked from 'package:purrr':

    reduce

The following object is masked from 'package:nlme':

    collapse

The following object is masked from 'package:plyr':

    desc

Loading required package: GenomeInfoDb

Attaching package: 'methylKit'

The following object is masked from 'package:dplyr':

    select

The following object is masked from 'package:tidyr':

    unite

The following object is masked from 'package:nlme':

    getData

The following object is masked from 'package:lme4':

    getData

Loading required package: permute

Attaching package: 'permute'

The following object is masked from 'package:dendextend':

    shuffle

Loading required package: lattice
Registered S3 method overwritten by 'vegan':
  method     from      
  rev.hclust dendextend
This is vegan 2.5-7
Loading required package: grid

Attaching package: 'genomation'

The following objects are masked from 'package:methylKit':

    getFeatsWithTargetsStats, getFlanks, getMembers,
    getTargetAnnotationStats, plotTargetAnnotation

Loading required package: AnnotationDbi
Loading required package: Biobase
Welcome to Bioconductor

    Vignettes contain introductory material; view with
    'browseVignettes()'. To cite Bioconductor, see
    'citation("Biobase")', and for packages 'citation("pkgname")'.


Attaching package: 'AnnotationDbi'

The following object is masked from 'package:methylKit':

    select

The following object is masked from 'package:dplyr':

    select


Attaching package: 'magrittr'

The following object is masked from 'package:purrr':

    set_names

The following object is masked from 'package:tidyr':

    extract

Loading required package: dynamicTreeCut
Loading required package: fastcluster

Attaching package: 'fastcluster'

The following object is masked from 'package:stats':

    hclust



Attaching package: 'WGCNA'

The following object is masked from 'package:IRanges':

    cor

The following object is masked from 'package:S4Vectors':

    cor

The following object is masked from 'package:stats':

    cor


Attaching package: 'ggpubr'

The following object is masked from 'package:cowplot':

    get_legend

The following object is masked from 'package:dendextend':

    rotate

The following object is masked from 'package:plyr':

    mutate

Welcome to the GoeVeg Package
Loading required package: futile.logger

Attaching package: 'VennDiagram'

The following object is masked from 'package:ggpubr':

    rotate

The following object is masked from 'package:dendextend':

    rotate

Loading required package: zoo

Attaching package: 'zoo'

The following objects are masked from 'package:base':

    as.Date, as.Date.numeric


Attaching package: 'ggeffects'

The following object is masked from 'package:cowplot':

    get_title

[1] 1001880
[1] 20348
[1] 55530
[1] 413
[1] 1001880
[1] 20348
[1] 55530
[1] 413
[1] 1001880
[1] 20348
[1] 55530
[1] 413
two groups detected:
 will calculate methylation difference as the difference of
treatment (group: 4) - control (group: 1)
two groups detected:
 will calculate methylation difference as the difference of
treatment (group: 4) - control (group: 1)
two groups detected:
 will calculate methylation difference as the difference of
treatment (group: 4) - control (group: 1)
two groups detected:
 will calculate methylation difference as the difference of
treatment (group: 4) - control (group: 1)
Warning message:
In max(i) : no non-missing arguments to max; returning -Inf
methylDiff object with 0 rows
--------------
[1] chr       start     end       strand    pvalue    qvalue    meth.diff
<0 rows> (or 0-length row.names)
--------------
sample.ids: S16 S17 S35 S36 S52 S53 S68 S69 S70 S71 S72 S73 S76 S77 S78 S79 S94 S95 S107 S108 S124 S125 S143 S144 
destranded TRUE 
assembly: Gynogen_pchrom_assembly_all 
context: CpG 
treament: 1 4 1 4 4 1 1 4 4 1 1 4 1 4 1 4 1 4 1 4 4 1 1 4 
resolution: region 
Warning message:
In max(i) : no non-missing arguments to max; returning -Inf
two groups detected:
 will calculate methylation difference as the difference of
treatment (group: 6) - control (group: 5)
two groups detected:
 will calculate methylation difference as the difference of
treatment (group: 6) - control (group: 5)
two groups detected:
 will calculate methylation difference as the difference of
treatment (group: 6) - control (group: 5)
methylDiff object with 38 rows
--------------
         chr    start      end strand       pvalue       qvalue meth.diff
201  Gy_chrI  1368099  1368099      + 8.357956e-59 1.705219e-54 -21.44773
609  Gy_chrI  2711868  2711868      + 9.492685e-22 5.613711e-19 -15.78394
3292 Gy_chrI 25394467 25394467      + 3.532030e-21 2.029907e-18  15.51904
3293 Gy_chrI 25394473 25394473      + 1.377498e-22 8.921965e-20  15.91498
3294 Gy_chrI 25394481 25394481      + 4.935860e-26 4.110331e-23  17.43981
3707 Gy_chrI 27591567 27591567      - 6.547140e-31 8.617871e-28 -15.52314
--------------
sample.ids: S9 S10 S11 S13 S14 S15 S27 S28 S29 S30 S31 S32 S33 S34 S45 S46 S47 S48 S49 S50 S51 S60 S61 S62 S63 S64 S65 S66 S67 S88 S89 S90 S91 S92 S93 S101 S102 S103 S104 S105 S106 S116 S117 S119 S120 S121 S122 S123 S135 S136 S137 S138 S139 S140 S141 
destranded FALSE 
assembly: Gynogen_pchrom_assembly_all 
context: CpG 
treament: 5 5 5 6 6 6 5 5 5 5 6 6 6 6 5 5 5 5 6 6 6 5 5 5 5 6 6 6 6 5 5 5 5 6 6 5 5 6 6 6 6 5 5 5 6 6 6 6 5 5 5 5 6 6 6 
resolution: base 
two groups detected:
 will calculate methylation difference as the difference of
treatment (group: 6) - control (group: 5)
Warning message:
In max(i) : no non-missing arguments to max; returning -Inf
two groups detected:
 will calculate methylation difference as the difference of
treatment (group: 3) - control (group: 2)
two groups detected:
 will calculate methylation difference as the difference of
treatment (group: 3) - control (group: 2)
two groups detected:
 will calculate methylation difference as the difference of
treatment (group: 3) - control (group: 2)
two groups detected:
 will calculate methylation difference as the difference of
treatment (group: 3) - control (group: 2)
Error: We stop here for now
Execution halted
