Loading R/4.0.2
  Loading requirement: java/1.8.0_171-oracle

---------------------
Welcome to dendextend version 1.15.2
Type citation('dendextend') for how to cite the package.

Type browseVignettes(package = 'dendextend') for the package vignette.
The github page is: https://github.com/talgalili/dendextend/

Suggestions and bug-reports can be submitted at: https://github.com/talgalili/dendextend/issues
You may ask questions at stackoverflow, use the r and dendextend tags: 
	 https://stackoverflow.com/questions/tagged/dendextend

	To suppress this message use:  suppressPackageStartupMessages(library(dendextend))
---------------------


Attaching package: 'dendextend'

The following object is masked from 'package:stats':

    cutree

Loading required package: Matrix

Attaching package: 'nlme'

The following object is masked from 'package:lme4':

    lmList

-- Attaching packages --------------------------------------- tidyverse 1.3.1 --
v tibble  3.1.6     v dplyr   1.0.7
v tidyr   1.1.4     v stringr 1.4.0
v readr   2.1.1     v forcats 0.5.1
v purrr   0.3.4     
-- Conflicts ------------------------------------------ tidyverse_conflicts() --
x dplyr::arrange()   masks plyr::arrange()
x dplyr::collapse()  masks nlme::collapse()
x purrr::compact()   masks plyr::compact()
x dplyr::count()     masks plyr::count()
x tidyr::expand()    masks Matrix::expand()
x dplyr::failwith()  masks plyr::failwith()
x dplyr::filter()    masks stats::filter()
x dplyr::id()        masks plyr::id()
x dplyr::lag()       masks stats::lag()
x dplyr::mutate()    masks plyr::mutate()
x tidyr::pack()      masks Matrix::pack()
x dplyr::rename()    masks plyr::rename()
x dplyr::summarise() masks plyr::summarise()
x dplyr::summarize() masks plyr::summarize()
x tidyr::unpack()    masks Matrix::unpack()
Loading required package: GenomicRanges
Loading required package: stats4
Loading required package: BiocGenerics
Loading required package: parallel

Attaching package: 'BiocGenerics'

The following objects are masked from 'package:parallel':

    clusterApply, clusterApplyLB, clusterCall, clusterEvalQ,
    clusterExport, clusterMap, parApply, parCapply, parLapply,
    parLapplyLB, parRapply, parSapply, parSapplyLB

The following objects are masked from 'package:dplyr':

    combine, intersect, setdiff, union

The following objects are masked from 'package:stats':

    IQR, mad, sd, var, xtabs

The following objects are masked from 'package:base':

    Filter, Find, Map, Position, Reduce, anyDuplicated, append,
    as.data.frame, basename, cbind, colnames, dirname, do.call,
    duplicated, eval, evalq, get, grep, grepl, intersect, is.unsorted,
    lapply, mapply, match, mget, order, paste, pmax, pmax.int, pmin,
    pmin.int, rank, rbind, rownames, sapply, setdiff, sort, table,
    tapply, union, unique, unsplit, which.max, which.min

Loading required package: S4Vectors

Attaching package: 'S4Vectors'

The following objects are masked from 'package:dplyr':

    first, rename

The following object is masked from 'package:tidyr':

    expand

The following object is masked from 'package:Matrix':

    expand

The following object is masked from 'package:plyr':

    rename

The following object is masked from 'package:base':

    expand.grid

Loading required package: IRanges

Attaching package: 'IRanges'

The following objects are masked from 'package:dplyr':

    collapse, desc, slice

The following object is masked from 'package:purrr':

    reduce

The following object is masked from 'package:nlme':

    collapse

The following object is masked from 'package:plyr':

    desc

Loading required package: GenomeInfoDb

Attaching package: 'methylKit'

The following object is masked from 'package:dplyr':

    select

The following object is masked from 'package:tidyr':

    unite

The following object is masked from 'package:nlme':

    getData

The following object is masked from 'package:lme4':

    getData

Loading required package: permute

Attaching package: 'permute'

The following object is masked from 'package:dendextend':

    shuffle

Loading required package: lattice
Registered S3 method overwritten by 'vegan':
  method     from      
  rev.hclust dendextend
This is vegan 2.5-7
two groups detected:
 will calculate methylation difference as the difference of
treatment (group: 4) - control (group: 1)
methylDiff object with 6536 rows
--------------
        chr  start    end strand       pvalue       qvalue meth.diff
169 Gy_chrI  49651  49651      + 1.441712e-05 0.0013742486 -18.34632
295 Gy_chrI  85982  85982      + 1.077816e-04 0.0057838978  15.70924
716 Gy_chrI 210613 210613      + 2.816862e-05 0.0022411439  21.25506
759 Gy_chrI 225844 225844      + 1.959468e-04 0.0086260081  15.08547
792 Gy_chrI 264730 264730      - 7.268841e-06 0.0008253473 -24.39535
862 Gy_chrI 297143 297143      - 9.966295e-05 0.0054730173 -17.32945
--------------
sample.ids: S107 S108 S124 S125 S143 S144 S16 S17 S35 S36 S52 S53 S68 S69 S70 S71 S72 S73 S76 S77 S78 S79 S94 S95 
destranded FALSE 
assembly: Gynogen_pchrom_assembly_all 
context: CpG 
treament: 1 4 4 1 1 4 1 4 1 4 4 1 1 4 4 1 1 4 1 4 1 4 1 4 
resolution: base 
