Loading R/4.0.2
  Loading requirement: java/1.8.0_171-oracle

---------------------
Welcome to dendextend version 1.15.2
Type citation('dendextend') for how to cite the package.

Type browseVignettes(package = 'dendextend') for the package vignette.
The github page is: https://github.com/talgalili/dendextend/

Suggestions and bug-reports can be submitted at: https://github.com/talgalili/dendextend/issues
You may ask questions at stackoverflow, use the r and dendextend tags: 
	 https://stackoverflow.com/questions/tagged/dendextend

	To suppress this message use:  suppressPackageStartupMessages(library(dendextend))
---------------------


Attaching package: 'dendextend'

The following object is masked from 'package:stats':

    cutree

Loading required package: Matrix

Attaching package: 'nlme'

The following object is masked from 'package:lme4':

    lmList

-- Attaching packages --------------------------------------- tidyverse 1.3.1 --
v tibble  3.1.6     v dplyr   1.0.7
v tidyr   1.1.4     v stringr 1.4.0
v readr   2.1.1     v forcats 0.5.1
v purrr   0.3.4     
-- Conflicts ------------------------------------------ tidyverse_conflicts() --
x dplyr::arrange()   masks plyr::arrange()
x dplyr::collapse()  masks nlme::collapse()
x purrr::compact()   masks plyr::compact()
x dplyr::count()     masks plyr::count()
x tidyr::expand()    masks Matrix::expand()
x dplyr::failwith()  masks plyr::failwith()
x dplyr::filter()    masks stats::filter()
x dplyr::id()        masks plyr::id()
x dplyr::lag()       masks stats::lag()
x dplyr::mutate()    masks plyr::mutate()
x tidyr::pack()      masks Matrix::pack()
x dplyr::rename()    masks plyr::rename()
x dplyr::summarise() masks plyr::summarise()
x dplyr::summarize() masks plyr::summarize()
x tidyr::unpack()    masks Matrix::unpack()
                numDF denDF   F-value p-value
(Intercept)         1   104  0.000000  1.0000
patTrt              1   104 12.102448  0.0007
patTrt:No.Worms     2   104  6.542902  0.0021
`summarise()` has grouped output by 'patTrt'. You can override using the `.groups` argument.
               numDF denDF   F-value p-value
(Intercept)        1   104  0.000000  1.0000
offsTrt            1   104 12.078370  0.0007
patTrt             1   104 13.114579  0.0005
offsTrt:patTrt     1   104  8.549991  0.0042
$`emmeans of trtG1G2`
 trtG1G2    emmean   SE df lower.CL upper.CL
 NE_control   16.2 11.9  3    -21.6     54.0
 NE_exposed  -60.8 12.1  3    -99.3    -22.4
 E_control    24.9 11.9  3    -12.9     62.7
 E_exposed    17.6 11.9  3    -20.2     55.4

Degrees-of-freedom method: containment 
Confidence level used: 0.95 

$`pairwise differences of trtG1G2`
 1                       estimate   SE  df t.ratio p.value
 NE_control - NE_exposed    77.07 17.0 104   4.546  0.0001
 NE_control - E_control     -8.64 16.8 104  -0.514  0.9555
 NE_control - E_exposed     -1.35 16.8 104  -0.080  0.9998
 NE_exposed - E_control    -85.71 17.0 104  -5.056  <.0001
 NE_exposed - E_exposed    -78.42 17.0 104  -4.626  0.0001
 E_control - E_exposed       7.29 16.8 104   0.434  0.9725

Degrees-of-freedom method: containment 
P value adjustment: tukey method for comparing a family of 4 estimates 

[1] 135
[1] 11.26741
[1] 0.3304984
[1] 85.45447
[1] 0.4762736
[1] "long part started, needs ~10min"
[1] "long truc saved"
Error: We stop here for now
Execution halted
