ncpu:
10
Run InterProScan...
12/09/2024 10:47:57:511 Welcome to InterProScan-5.56-89.0
12/09/2024 10:47:57:512 Running InterProScan v5 in STANDALONE mode... on Linux
12/09/2024 10:48:03:458 RunID: ddy24_20240912_104802237_gafh
12/09/2024 10:48:10:786 Loading file /data/SBCS-EizaguirreLab/Alice/StickParaBroOff/Data/06GynoGen_functionalAnnotation/Gynogen_pchrom_assembly_all_PROTEINS_noast.faa
12/09/2024 10:48:10:787 Running the following analyses:
[Gene3D-4.3.0,PANTHER-15.0,Pfam-34.0,PIRSR-2021_05,SFLD-4,SUPERFAMILY-1.75,TIGRFAM-15.0]
Available matches will be retrieved from the pre-calculated match lookup service.

Matches for any sequences that are not represented in the lookup service will be calculated locally.
12/09/2024 10:48:15:771 Uploaded 20200 unique sequences for analysis
2024-09-12 10:48:16,813 [Thread-8] [uk.ac.ebi.interpro.scan.business.sequence.BerkeleyPrecalculatedProteinLookup:748] WARN - 

The version of InterProScan you are using is 5.56-89.0
The version of the lookup service you are using is 5.69-101.0
As the data in these versions is not the same, you cannot use this match lookup service.
InterProScan will now run locally
If you would like to use the match lookup service, you have the following options:
i) Download the newest version of InterProScan5 from our FTP site by following the instructions on:
   https://www.ebi.ac.uk/interpro/interproscan.html
ii) Download the match lookup service for your version of InterProScan from our FTP site and install it locally.
    You will then need to edit the following property in your configuration file to point to your local installation:
    precalculated.match.lookup.service.url=

In the meantime, the analysis will continue to run locally.


2024-09-12 10:48:16,813 [Thread-6] [uk.ac.ebi.interpro.scan.business.sequence.BerkeleyPrecalculatedProteinLookup:748] WARN - 

The version of InterProScan you are using is 5.56-89.0
The version of the lookup service you are using is 5.69-101.0
As the data in these versions is not the same, you cannot use this match lookup service.
InterProScan will now run locally
If you would like to use the match lookup service, you have the following options:
i) Download the newest version of InterProScan5 from our FTP site by following the instructions on:
   https://www.ebi.ac.uk/interpro/interproscan.html
ii) Download the match lookup service for your version of InterProScan from our FTP site and install it locally.
    You will then need to edit the following property in your configuration file to point to your local installation:
    precalculated.match.lookup.service.url=

In the meantime, the analysis will continue to run locally.


2024-09-12 10:48:16,813 [Thread-9] [uk.ac.ebi.interpro.scan.business.sequence.BerkeleyPrecalculatedProteinLookup:748] WARN - 

The version of InterProScan you are using is 5.56-89.0
The version of the lookup service you are using is 5.69-101.0
As the data in these versions is not the same, you cannot use this match lookup service.
InterProScan will now run locally
If you would like to use the match lookup service, you have the following options:
i) Download the newest version of InterProScan5 from our FTP site by following the instructions on:
   https://www.ebi.ac.uk/interpro/interproscan.html
ii) Download the match lookup service for your version of InterProScan from our FTP site and install it locally.
    You will then need to edit the following property in your configuration file to point to your local installation:
    precalculated.match.lookup.service.url=

In the meantime, the analysis will continue to run locally.


2024-09-12 10:48:16,813 [Thread-7] [uk.ac.ebi.interpro.scan.business.sequence.BerkeleyPrecalculatedProteinLookup:748] WARN - 

The version of InterProScan you are using is 5.56-89.0
The version of the lookup service you are using is 5.69-101.0
As the data in these versions is not the same, you cannot use this match lookup service.
InterProScan will now run locally
If you would like to use the match lookup service, you have the following options:
i) Download the newest version of InterProScan5 from our FTP site by following the instructions on:
   https://www.ebi.ac.uk/interpro/interproscan.html
ii) Download the match lookup service for your version of InterProScan from our FTP site and install it locally.
    You will then need to edit the following property in your configuration file to point to your local installation:
    precalculated.match.lookup.service.url=

In the meantime, the analysis will continue to run locally.


2024-09-12 10:48:16,813 [Thread-10] [uk.ac.ebi.interpro.scan.business.sequence.BerkeleyPrecalculatedProteinLookup:748] WARN - 

The version of InterProScan you are using is 5.56-89.0
The version of the lookup service you are using is 5.69-101.0
As the data in these versions is not the same, you cannot use this match lookup service.
InterProScan will now run locally
If you would like to use the match lookup service, you have the following options:
i) Download the newest version of InterProScan5 from our FTP site by following the instructions on:
   https://www.ebi.ac.uk/interpro/interproscan.html
ii) Download the match lookup service for your version of InterProScan from our FTP site and install it locally.
    You will then need to edit the following property in your configuration file to point to your local installation:
    precalculated.match.lookup.service.url=

In the meantime, the analysis will continue to run locally.


2024-09-12 10:48:16,813 [Thread-11] [uk.ac.ebi.interpro.scan.business.sequence.BerkeleyPrecalculatedProteinLookup:748] WARN - 

The version of InterProScan you are using is 5.56-89.0
The version of the lookup service you are using is 5.69-101.0
As the data in these versions is not the same, you cannot use this match lookup service.
InterProScan will now run locally
If you would like to use the match lookup service, you have the following options:
i) Download the newest version of InterProScan5 from our FTP site by following the instructions on:
   https://www.ebi.ac.uk/interpro/interproscan.html
ii) Download the match lookup service for your version of InterProScan from our FTP site and install it locally.
    You will then need to edit the following property in your configuration file to point to your local installation:
    precalculated.match.lookup.service.url=

In the meantime, the analysis will continue to run locally.


12/09/2024 10:48:21:855 87% completed
12/09/2024 11:48:21:905 20% completed
12/09/2024 12:48:22:016 22% completed
12/09/2024 13:48:22:072 26% completed
