Loading samtools/1.10
  Loading requirement: htslib/1.10.2 gcc/8.2.0
samblaster: Version 0.1.26
samblaster: Inputting from stdin
samblaster: Outputting to stdout
[M::bwa_idx_load_from_disk] read 0 ALT contigs
[M::process] read 106336 sequences (10000046 bp)...
[M::process] read 106396 sequences (10000094 bp)...
[M::mem_process_seqs] Processed 106336 reads in 85.512 CPU sec, 85.561 real sec
samblaster: Loaded 23 header sequence entries.
[M::process] read 106480 sequences (10000047 bp)...
[M::mem_process_seqs] Processed 106396 reads in 86.330 CPU sec, 86.646 real sec
[M::process] read 106556 sequences (10000146 bp)...
[M::mem_process_seqs] Processed 106480 reads in 88.068 CPU sec, 88.388 real sec
[M::process] read 106466 sequences (10000020 bp)...
[M::mem_process_seqs] Processed 106556 reads in 89.970 CPU sec, 90.311 real sec
[M::process] read 106418 sequences (10000153 bp)...
[M::mem_process_seqs] Processed 106466 reads in 88.899 CPU sec, 89.226 real sec
[M::process] read 106360 sequences (10000159 bp)...
[M::mem_process_seqs] Processed 106418 reads in 85.651 CPU sec, 85.978 real sec
[M::process] read 106442 sequences (10000021 bp)...
[M::mem_process_seqs] Processed 106360 reads in 85.015 CPU sec, 85.335 real sec
[M::process] read 106492 sequences (10000007 bp)...
[M::mem_process_seqs] Processed 106442 reads in 86.568 CPU sec, 86.905 real sec
[M::process] read 106546 sequences (10000130 bp)...
[M::mem_process_seqs] Processed 106492 reads in 85.135 CPU sec, 85.470 real sec
[M::process] read 106516 sequences (10000037 bp)...
[M::mem_process_seqs] Processed 106546 reads in 82.817 CPU sec, 83.149 real sec
[M::process] read 106528 sequences (10000128 bp)...
[M::mem_process_seqs] Processed 106516 reads in 82.658 CPU sec, 82.967 real sec
[M::process] read 106558 sequences (10000077 bp)...
[M::mem_process_seqs] Processed 106528 reads in 83.455 CPU sec, 83.776 real sec
[M::process] read 106492 sequences (10000034 bp)...
[M::mem_process_seqs] Processed 106558 reads in 82.944 CPU sec, 83.260 real sec
[M::process] read 106494 sequences (10000132 bp)...
[M::mem_process_seqs] Processed 106492 reads in 82.601 CPU sec, 82.925 real sec
[M::process] read 106510 sequences (10000194 bp)...
[M::mem_process_seqs] Processed 106494 reads in 82.516 CPU sec, 82.844 real sec
[M::process] read 106626 sequences (10000111 bp)...
[M::mem_process_seqs] Processed 106510 reads in 82.070 CPU sec, 82.397 real sec
[M::process] read 106592 sequences (10000120 bp)...
[M::mem_process_seqs] Processed 106626 reads in 82.607 CPU sec, 82.936 real sec
[M::process] read 106532 sequences (10000113 bp)...
[M::mem_process_seqs] Processed 106592 reads in 83.000 CPU sec, 83.322 real sec
[M::process] read 106546 sequences (10000160 bp)...
[M::mem_process_seqs] Processed 106532 reads in 82.599 CPU sec, 82.921 real sec
[M::process] read 106550 sequences (10000117 bp)...
[M::mem_process_seqs] Processed 106546 reads in 83.622 CPU sec, 83.950 real sec
[M::process] read 106496 sequences (10000029 bp)...
[M::mem_process_seqs] Processed 106550 reads in 83.760 CPU sec, 84.085 real sec
[M::process] read 106552 sequences (10000038 bp)...
[M::mem_process_seqs] Processed 106496 reads in 83.290 CPU sec, 83.627 real sec
[M::process] read 106458 sequences (10000136 bp)...
[M::mem_process_seqs] Processed 106552 reads in 82.153 CPU sec, 82.482 real sec
[M::process] read 106526 sequences (10000148 bp)...
[M::mem_process_seqs] Processed 106458 reads in 82.942 CPU sec, 83.264 real sec
[M::process] read 106690 sequences (10000045 bp)...
[M::mem_process_seqs] Processed 106526 reads in 82.671 CPU sec, 83.011 real sec
[M::process] read 106686 sequences (10000116 bp)...
[M::mem_process_seqs] Processed 106690 reads in 86.946 CPU sec, 96.767 real sec
[M::process] read 106688 sequences (10000156 bp)...
[M::mem_process_seqs] Processed 106686 reads in 85.853 CPU sec, 86.174 real sec
[M::process] read 106684 sequences (10000033 bp)...
[M::mem_process_seqs] Processed 106688 reads in 85.533 CPU sec, 85.868 real sec
[M::process] read 106666 sequences (10000127 bp)...
[M::mem_process_seqs] Processed 106684 reads in 85.887 CPU sec, 86.188 real sec
[M::process] read 106778 sequences (10000024 bp)...
[M::mem_process_seqs] Processed 106666 reads in 85.053 CPU sec, 85.354 real sec
[M::process] read 106598 sequences (10000070 bp)...
[M::mem_process_seqs] Processed 106778 reads in 87.612 CPU sec, 87.932 real sec
[M::process] read 106558 sequences (10000177 bp)...
[M::mem_process_seqs] Processed 106598 reads in 83.965 CPU sec, 84.269 real sec
[M::process] read 106636 sequences (10000044 bp)...
[M::mem_process_seqs] Processed 106558 reads in 83.549 CPU sec, 83.844 real sec
[M::process] read 106320 sequences (10000070 bp)...
[M::mem_process_seqs] Processed 106636 reads in 83.363 CPU sec, 83.656 real sec
[M::process] read 106220 sequences (10000073 bp)...
[M::mem_process_seqs] Processed 106320 reads in 86.766 CPU sec, 87.071 real sec
[M::process] read 106160 sequences (10000150 bp)...
[M::mem_process_seqs] Processed 106220 reads in 86.236 CPU sec, 86.555 real sec
[M::process] read 106214 sequences (10000120 bp)...
[M::mem_process_seqs] Processed 106160 reads in 87.762 CPU sec, 88.070 real sec
[M::process] read 106254 sequences (10000173 bp)...
[M::mem_process_seqs] Processed 106214 reads in 87.223 CPU sec, 87.528 real sec
[M::process] read 106142 sequences (10000131 bp)...
[M::mem_process_seqs] Processed 106254 reads in 88.618 CPU sec, 88.920 real sec
[M::process] read 106168 sequences (10000114 bp)...
[M::mem_process_seqs] Processed 106142 reads in 83.724 CPU sec, 84.029 real sec
[M::process] read 106262 sequences (10000105 bp)...
[M::mem_process_seqs] Processed 106168 reads in 83.653 CPU sec, 83.953 real sec
[M::process] read 106438 sequences (10000151 bp)...
[M::mem_process_seqs] Processed 106262 reads in 88.168 CPU sec, 88.464 real sec
[M::process] read 106498 sequences (10000131 bp)...
