Loading samtools/1.10
  Loading requirement: htslib/1.10.2 gcc/8.2.0
samblaster: Version 0.1.26
samblaster: Inputting from stdin
samblaster: Outputting to stdout
[M::bwa_idx_load_from_disk] read 0 ALT contigs
[M::process] read 106336 sequences (10000046 bp)...
[M::process] read 106396 sequences (10000094 bp)...
[M::mem_process_seqs] Processed 106336 reads in 92.784 CPU sec, 93.068 real sec
samblaster: Loaded 23 header sequence entries.
[M::process] read 106480 sequences (10000047 bp)...
[M::mem_process_seqs] Processed 106396 reads in 93.922 CPU sec, 94.415 real sec
[M::process] read 106556 sequences (10000146 bp)...
[M::mem_process_seqs] Processed 106480 reads in 95.782 CPU sec, 96.313 real sec
[M::process] read 106466 sequences (10000020 bp)...
[M::mem_process_seqs] Processed 106556 reads in 97.748 CPU sec, 98.268 real sec
[M::process] read 106418 sequences (10000153 bp)...
[M::mem_process_seqs] Processed 106466 reads in 96.766 CPU sec, 97.313 real sec
[M::process] read 106360 sequences (10000159 bp)...
[M::mem_process_seqs] Processed 106418 reads in 93.123 CPU sec, 93.618 real sec
[M::process] read 106442 sequences (10000021 bp)...
[M::mem_process_seqs] Processed 106360 reads in 92.480 CPU sec, 92.975 real sec
[M::process] read 106492 sequences (10000007 bp)...
[M::mem_process_seqs] Processed 106442 reads in 93.983 CPU sec, 94.501 real sec
[M::process] read 106546 sequences (10000130 bp)...
[M::mem_process_seqs] Processed 106492 reads in 92.371 CPU sec, 92.893 real sec
[M::process] read 106516 sequences (10000037 bp)...
[M::mem_process_seqs] Processed 106546 reads in 89.875 CPU sec, 90.386 real sec
[M::process] read 106528 sequences (10000128 bp)...
[M::mem_process_seqs] Processed 106516 reads in 89.642 CPU sec, 90.111 real sec
[M::process] read 106558 sequences (10000077 bp)...
[M::mem_process_seqs] Processed 106528 reads in 90.498 CPU sec, 90.989 real sec
[M::process] read 106492 sequences (10000034 bp)...
[M::mem_process_seqs] Processed 106558 reads in 90.075 CPU sec, 90.556 real sec
[M::process] read 106494 sequences (10000132 bp)...
[M::mem_process_seqs] Processed 106492 reads in 89.534 CPU sec, 90.018 real sec
[M::process] read 106510 sequences (10000194 bp)...
[M::mem_process_seqs] Processed 106494 reads in 89.529 CPU sec, 90.012 real sec
[M::process] read 106626 sequences (10000111 bp)...
[M::mem_process_seqs] Processed 106510 reads in 89.078 CPU sec, 89.564 real sec
[M::process] read 106592 sequences (10000120 bp)...
[M::mem_process_seqs] Processed 106626 reads in 89.530 CPU sec, 90.012 real sec
[M::process] read 106532 sequences (10000113 bp)...
[M::mem_process_seqs] Processed 106592 reads in 90.083 CPU sec, 90.660 real sec
[M::process] read 106546 sequences (10000160 bp)...
[M::mem_process_seqs] Processed 106532 reads in 89.817 CPU sec, 90.306 real sec
[M::process] read 106550 sequences (10000117 bp)...
[M::mem_process_seqs] Processed 106546 reads in 90.366 CPU sec, 90.853 real sec
[M::process] read 106496 sequences (10000029 bp)...
[M::mem_process_seqs] Processed 106550 reads in 90.895 CPU sec, 91.399 real sec
[M::process] read 106552 sequences (10000038 bp)...
[M::mem_process_seqs] Processed 106496 reads in 90.488 CPU sec, 91.007 real sec
[M::process] read 106458 sequences (10000136 bp)...
[M::mem_process_seqs] Processed 106552 reads in 89.044 CPU sec, 89.536 real sec
[M::process] read 106526 sequences (10000148 bp)...
[M::mem_process_seqs] Processed 106458 reads in 89.891 CPU sec, 90.396 real sec
[M::process] read 106690 sequences (10000045 bp)...
[M::mem_process_seqs] Processed 106526 reads in 89.095 CPU sec, 89.594 real sec
[E::hts_open_format] Failed to open file "/data/scratch/btx915/05Biscuit_SNPcall/my_output.bam.tmp.0000.bam" : File exists
samtools sort: failed to create temporary file "/data/scratch/btx915/05Biscuit_SNPcall/my_output.bam.tmp.0000.bam": File exists
[E::hts_open_format] Failed to open file "/data/scratch/btx915/05Biscuit_SNPcall/my_output.bam" : No such file or directory
samtools index: failed to open "/data/scratch/btx915/05Biscuit_SNPcall/my_output.bam": No such file or directory
[E::hts_open_format] fail to open file 'my_output.bam'
[main_pileup:1357] Cannot open my_output.bam
Abort.
[bgzip] No such file or directory: my_pileup.vcf
tbx_index_build failed: my_pileup.vcf.gz
