[2024-09-19 12:07:41] [INFO]    [OmnipathR] Welcome to OmnipathR!
[2024-09-19 12:07:41] [INFO]    [OmnipathR] Initialized cache: `/data/home/btx915/.cache/OmnipathR`.
[2024-09-19 12:07:41] [SUCCESS] [OmnipathR] Building GO slim (organism: uniprot_all; aspects: C, F, P; slim: generic). This will take 20-40 min at the first time, and will be saved in the cache for later use.
[2024-09-19 12:07:42] [INFO]    [OmnipathR] Cache item `285289cfd54cb41a5ef4a91289cefcb72ab00543` version 11: status changed from `unknown` to `started`.
[2024-09-19 12:07:42] [TRACE]   [OmnipathR] Exporting object to RDS: `/data/home/btx915/.cache/OmnipathR/285289cfd54cb41a5ef4a91289cefcb72ab00543-11.rds`.
[2024-09-19 12:07:42] [TRACE]   [OmnipathR] Looking up in cache: `http://current.geneontology.org/annotations/goa_uniprot_all.gaf.gz`.
[2024-09-19 12:07:42] [INFO]    [OmnipathR] No version is available for key `0d2ebb71683acc82eb5909ef640ec7f03f8d42fb` (http://current.geneontology.org/annotations/goa_uniprot_all.gaf.gz).
[2024-09-19 12:07:56] [SUCCESS] [OmnipathR] Building GO slim (organism: uniprot_all; aspects: C, F, P; slim: generic). This will take 20-40 min at the first time, and will be saved in the cache for later use.
[2024-09-19 12:07:56] [INFO]    [OmnipathR] Cache item `285289cfd54cb41a5ef4a91289cefcb72ab00543` version 12: status changed from `unknown` to `started`.
[2024-09-19 12:07:56] [TRACE]   [OmnipathR] Exporting object to RDS: `/data/home/btx915/.cache/OmnipathR/285289cfd54cb41a5ef4a91289cefcb72ab00543-12.rds`.
[2024-09-19 12:07:56] [TRACE]   [OmnipathR] Looking up in cache: `http://current.geneontology.org/annotations/goa_uniprot_all.gaf.gz`.
[2024-09-19 12:07:56] [INFO]    [OmnipathR] No version is available for key `0d2ebb71683acc82eb5909ef640ec7f03f8d42fb` (http://current.geneontology.org/annotations/goa_uniprot_all.gaf.gz).
[2024-09-19 12:08:41] [SUCCESS] [OmnipathR] Building GO slim (organism: human; aspects: C, F, P; slim: generic). This will take 20-40 min at the first time, and will be saved in the cache for later use.
[2024-09-19 12:08:41] [INFO]    [OmnipathR] Cache item `060ebe8196271c0a8704ceb02e32a868635f1839` version 1: status changed from `unknown` to `started`.
[2024-09-19 12:08:41] [TRACE]   [OmnipathR] Exporting object to RDS: `/data/home/btx915/.cache/OmnipathR/060ebe8196271c0a8704ceb02e32a868635f1839-1.rds`.
[2024-09-19 12:08:41] [TRACE]   [OmnipathR] Looking up in cache: `http://current.geneontology.org/annotations/goa_human.gaf.gz`.
[2024-09-19 12:08:41] [INFO]    [OmnipathR] Cache record does not exist: `http://current.geneontology.org/annotations/goa_human.gaf.gz`
[2024-09-19 12:08:41] [TRACE]   [OmnipathR] Could not find in cache, initiating download: `http://current.geneontology.org/annotations/goa_human.gaf.gz`.
[2024-09-19 12:08:41] [INFO]    [OmnipathR] Cache item `4dccec1f0141d8846ba49e6f0eada25ebf0253fa` version 1: status changed from `unknown` to `started`.
[2024-09-19 12:08:41] [TRACE]   [OmnipathR] Exporting object to RDS: `/data/home/btx915/.cache/OmnipathR/4dccec1f0141d8846ba49e6f0eada25ebf0253fa-1.rds`.
[2024-09-19 12:08:41] [INFO]    [OmnipathR] Retrieving URL: `http://current.geneontology.org/annotations/goa_human.gaf.gz`
[2024-09-19 12:08:41] [TRACE]   [OmnipathR] Attempt 1/3: `http://current.geneontology.org/annotations/goa_human.gaf.gz`
[2024-09-19 12:08:49] [TRACE]   [OmnipathR] Exported RDS to `/data/home/btx915/.cache/OmnipathR/4dccec1f0141d8846ba49e6f0eada25ebf0253fa-1.rds`.
[2024-09-19 12:08:49] [INFO]    [OmnipathR] Download ready [key=4dccec1f0141d8846ba49e6f0eada25ebf0253fa, version=1]
[2024-09-19 12:08:49] [INFO]    [OmnipathR] Cache item `4dccec1f0141d8846ba49e6f0eada25ebf0253fa` version 1: status changed from `started` to `ready`.
[2024-09-19 12:08:49] [SUCCESS] [OmnipathR] Gene Ontology (current.geneontology.org): downloaded 773774 records
[2024-09-19 12:08:49] [INFO]    [OmnipathR] Looking up in cache `http://current.geneontology.org/ontology/subsets/goslim_generic.obo`: key=8fa314fe9549a15d5ba9455e5f7dca5531670a80, no version available.
[2024-09-19 12:08:49] [INFO]    [OmnipathR] Created new version for cache record 8fa314fe9549a15d5ba9455e5f7dca5531670a80: version 1.
[2024-09-19 12:08:49] [TRACE]   [OmnipathR] Cache file path: /data/home/btx915/.cache/OmnipathR/8fa314fe9549a15d5ba9455e5f7dca5531670a80-1.obo
[2024-09-19 12:08:49] [INFO]    [OmnipathR] Retrieving URL: `http://current.geneontology.org/ontology/subsets/goslim_generic.obo`
[2024-09-19 12:08:49] [TRACE]   [OmnipathR] Attempt 1/3: `http://current.geneontology.org/ontology/subsets/goslim_generic.obo`
[2024-09-19 12:08:49] [TRACE]   [OmnipathR] HTTP 200
[2024-09-19 12:08:49] [INFO]    [OmnipathR] Download ready [key=8fa314fe9549a15d5ba9455e5f7dca5531670a80, version=1]
[2024-09-19 12:08:49] [INFO]    [OmnipathR] Cache item `8fa314fe9549a15d5ba9455e5f7dca5531670a80` version 1: status changed from `unknown` to `ready`.
[2024-09-19 12:08:49] [TRACE]   [OmnipathR] Processing OBO file `/data/home/btx915/.cache/OmnipathR/8fa314fe9549a15d5ba9455e5f7dca5531670a80-1.obo`.
[2024-09-19 12:08:50] [TRACE]   [OmnipathR] Finished processing OBO file `/data/home/btx915/.cache/OmnipathR/8fa314fe9549a15d5ba9455e5f7dca5531670a80-1.obo`.
[2024-09-19 12:08:50] [INFO]    [OmnipathR] Loading database `Gene Ontology (basic)`.
[2024-09-19 12:08:50] [INFO]    [OmnipathR] Looking up in cache `http://purl.obolibrary.org/obo/go/go-basic.obo`: key=663f8a0321e09c16870d151bd7559c9385d22288, no version available.
[2024-09-19 12:08:50] [INFO]    [OmnipathR] Created new version for cache record 663f8a0321e09c16870d151bd7559c9385d22288: version 1.
[2024-09-19 12:08:50] [TRACE]   [OmnipathR] Cache file path: /data/home/btx915/.cache/OmnipathR/663f8a0321e09c16870d151bd7559c9385d22288-1.obo
[2024-09-19 12:08:50] [INFO]    [OmnipathR] Retrieving URL: `http://purl.obolibrary.org/obo/go/go-basic.obo`
[2024-09-19 12:08:50] [TRACE]   [OmnipathR] Attempt 1/3: `http://purl.obolibrary.org/obo/go/go-basic.obo`
[2024-09-19 12:08:50] [TRACE]   [OmnipathR] HTTP 200
[2024-09-19 12:08:50] [INFO]    [OmnipathR] Download ready [key=663f8a0321e09c16870d151bd7559c9385d22288, version=1]
[2024-09-19 12:08:50] [INFO]    [OmnipathR] Cache item `663f8a0321e09c16870d151bd7559c9385d22288` version 1: status changed from `unknown` to `ready`.
[2024-09-19 12:08:50] [TRACE]   [OmnipathR] Processing OBO file `/data/home/btx915/.cache/OmnipathR/663f8a0321e09c16870d151bd7559c9385d22288-1.obo`.
[2024-09-19 12:08:57] [TRACE]   [OmnipathR] Finished processing OBO file `/data/home/btx915/.cache/OmnipathR/663f8a0321e09c16870d151bd7559c9385d22288-1.obo`.
[2024-09-19 12:08:57] [INFO]    [OmnipathR] Loaded database `Gene Ontology (basic)`.
[2024-09-19 12:13:58] [TRACE]   [OmnipathR] Removing database `Gene Ontology (basic)` (not used in the past 300 seconds)
