Loading R/4.2.0
  Loading requirement: java/17.0.0 gcc/10.2.0
Loading required package: AnnotationDbi
Loading required package: ape
Loading required package: biomaRt
Loading required package: cAIC4
Loading required package: ComplexUpset
Loading required package: cowplot
Loading required package: dendextend

---------------------
Welcome to dendextend version 1.16.0
Type citation('dendextend') for how to cite the package.

Type browseVignettes(package = 'dendextend') for the package vignette.
The github page is: https://github.com/talgalili/dendextend/

Suggestions and bug-reports can be submitted at: https://github.com/talgalili/dendextend/issues
You may ask questions at stackoverflow, use the r and dendextend tags: 
	 https://stackoverflow.com/questions/tagged/dendextend

	To suppress this message use:  suppressPackageStartupMessages(library(dendextend))
---------------------


Attaching package: ‘dendextend’

The following objects are masked from ‘package:ape’:

    ladderize, rotate

The following object is masked from ‘package:stats’:

    cutree

Loading required package: devtools
Loading required package: dplyr

Attaching package: ‘dplyr’

The following objects are masked from ‘package:stats’:

    filter, lag

The following objects are masked from ‘package:base’:

    intersect, setdiff, setequal, union

Loading required package: emmeans
Loading required package: factoextra
Loading required package: FactoMineR
Loading required package: forcats
Loading required package: genomation
Loading required package: ggeffects

Attaching package: ‘ggeffects’

The following object is masked from ‘package:cowplot’:

    get_title

Loading required package: ggplot2
Loading required package: ggpubr
Loading required package: ggrepel
Loading required package: goeveg
Loading required package: ggsignif
Loading required package: ggVennDiagram
Loading required package: goEnrichment
Loading required package: grid
Loading required package: gridExtra

Attaching package: ‘gridExtra’

The following object is masked from ‘package:dplyr’:

    combine

Loading required package: lme4
Loading required package: lmtest
Loading required package: zoo

Attaching package: ‘zoo’

The following objects are masked from ‘package:base’:

    as.Date, as.Date.numeric

Loading required package: lmerTest
Loading required package: magrittr
Loading required package: MuMIn
Loading required package: missMDA
Loading required package: nlme

Attaching package: ‘nlme’

The following object is masked from ‘package:dplyr’:

    collapse

Loading required package: org.Hs.eg.db
Loading required package: pairwiseAdonis
Loading required package: pheatmap
Loading required package: plyr
------------------------------------------------------------------------------
You have loaded plyr after dplyr - this is likely to cause problems.
If you need functions from both plyr and dplyr, please load plyr first, then dplyr:
library(plyr); library(dplyr)
------------------------------------------------------------------------------

Attaching package: ‘plyr’

The following objects are masked from ‘package:dplyr’:

    arrange, count, desc, failwith, id, mutate, rename, summarise,
    summarize

Loading required package: png
Loading required package: qualpalr
Loading required package: RColorBrewer
Loading required package: rentrez
Loading required package: reshape2
Loading required package: sjPlot
Loading required package: slider
Loading required package: splitstackshape
Loading required package: stringr
Loading required package: tidyverse
── Attaching packages ─────────────────────────────────────── tidyverse 1.3.2 ──
✔ tibble 3.1.8     ✔ readr  2.1.3
✔ tidyr  1.2.1     ✔ purrr  1.0.0
── Conflicts ────────────────────────────────────────── tidyverse_conflicts() ──
✖ plyr::arrange()      masks dplyr::arrange()
✖ nlme::collapse()     masks dplyr::collapse()
✖ gridExtra::combine() masks dplyr::combine()
✖ purrr::compact()     masks plyr::compact()
✖ plyr::count()        masks dplyr::count()
✖ tidyr::extract()     masks magrittr::extract()
✖ plyr::failwith()     masks dplyr::failwith()
✖ dplyr::filter()      masks stats::filter()
✖ plyr::id()           masks dplyr::id()
✖ dplyr::lag()         masks stats::lag()
✖ plyr::mutate()       masks dplyr::mutate()
✖ plyr::rename()       masks dplyr::rename()
✖ purrr::set_names()   masks magrittr::set_names()
✖ plyr::summarise()    masks dplyr::summarise()
✖ plyr::summarize()    masks dplyr::summarize()
Loading required package: UpSetR

Attaching package: ‘UpSetR’

The following object is masked from ‘package:ComplexUpset’:

    upset

Loading required package: VCA
Loading required package: vegan
Loading required package: permute

Attaching package: ‘permute’

The following object is masked from ‘package:dendextend’:

    shuffle

Loading required package: lattice

Attaching package: ‘lattice’

The following object is masked from ‘package:UpSetR’:

    histogram

Registered S3 method overwritten by 'vegan':
  method     from      
  rev.hclust dendextend
This is vegan 2.6-4
Loading required package: VennDiagram
Loading required package: futile.logger

Attaching package: ‘VennDiagram’

The following object is masked from ‘package:dendextend’:

    rotate

The following object is masked from ‘package:ape’:

    rotate

Loading required package: Category
Loading required package: WGCNA
Loading required package: GenomicFeatures
Loading required package: GOstats
Loading required package: GSEABase
Loading required package: methylKit
Loading required package: GenomicRanges
Loading required package: stats4
Loading required package: BiocGenerics

Attaching package: ‘BiocGenerics’

The following object is masked from ‘package:gridExtra’:

    combine

The following objects are masked from ‘package:dplyr’:

    combine, intersect, setdiff, union

The following objects are masked from ‘package:stats’:

    IQR, mad, sd, var, xtabs

The following objects are masked from ‘package:base’:

    anyDuplicated, aperm, append, as.data.frame, basename, cbind,
    colnames, dirname, do.call, duplicated, eval, evalq, Filter, Find,
    get, grep, grepl, intersect, is.unsorted, lapply, Map, mapply,
    match, mget, order, paste, pmax, pmax.int, pmin, pmin.int,
    Position, rank, rbind, Reduce, rownames, sapply, setdiff, sort,
    table, tapply, union, unique, unsplit, which.max, which.min

Loading required package: S4Vectors

Attaching package: ‘S4Vectors’

The following object is masked from ‘package:tidyr’:

    expand

The following object is masked from ‘package:plyr’:

    rename

The following objects are masked from ‘package:dplyr’:

    first, rename

The following objects are masked from ‘package:base’:

    expand.grid, I, unname

Loading required package: IRanges

Attaching package: ‘IRanges’

The following object is masked from ‘package:purrr’:

    reduce

The following object is masked from ‘package:plyr’:

    desc

The following object is masked from ‘package:nlme’:

    collapse

The following objects are masked from ‘package:dplyr’:

    collapse, desc, slice

Loading required package: GenomeInfoDb

Attaching package: ‘GenomicRanges’

The following object is masked from ‘package:magrittr’:

    subtract


Attaching package: ‘methylKit’

The following object is masked from ‘package:tidyr’:

    unite

The following object is masked from ‘package:nlme’:

    getData

The following object is masked from ‘package:dplyr’:

    select

The following object is masked from ‘package:ape’:

    reconstruct

There were 24 warnings (use warnings() to see them)
two groups detected:
 will calculate methylation difference as the difference of
treatment (group: 5) - control (group: 2)
two groups detected:
 will calculate methylation difference as the difference of
treatment (group: 6) - control (group: 3)
two groups detected:
 will calculate methylation difference as the difference of
treatment (group: 6) - control (group: 5)
two groups detected:
 will calculate methylation difference as the difference of
treatment (group: 3) - control (group: 2)
two groups detected:
 will calculate methylation difference as the difference of
treatment (group: 5) - control (group: 2)
two groups detected:
 will calculate methylation difference as the difference of
treatment (group: 6) - control (group: 3)
two groups detected:
 will calculate methylation difference as the difference of
treatment (group: 6) - control (group: 5)
two groups detected:
 will calculate methylation difference as the difference of
treatment (group: 3) - control (group: 2)
two groups detected:
 will calculate methylation difference as the difference of
treatment (group: 5) - control (group: 2)
two groups detected:
 will calculate methylation difference as the difference of
treatment (group: 6) - control (group: 3)
two groups detected:
 will calculate methylation difference as the difference of
treatment (group: 6) - control (group: 5)
two groups detected:
 will calculate methylation difference as the difference of
treatment (group: 3) - control (group: 2)
two groups detected:
 will calculate methylation difference as the difference of
treatment (group: 5) - control (group: 2)
two groups detected:
 will calculate methylation difference as the difference of
treatment (group: 6) - control (group: 3)
two groups detected:
 will calculate methylation difference as the difference of
treatment (group: 6) - control (group: 5)
two groups detected:
 will calculate methylation difference as the difference of
treatment (group: 3) - control (group: 2)
two groups detected:
 will calculate methylation difference as the difference of
treatment (group: 5) - control (group: 2)
two groups detected:
 will calculate methylation difference as the difference of
treatment (group: 6) - control (group: 3)
two groups detected:
 will calculate methylation difference as the difference of
treatment (group: 6) - control (group: 5)
two groups detected:
 will calculate methylation difference as the difference of
treatment (group: 3) - control (group: 2)
two groups detected:
 will calculate methylation difference as the difference of
treatment (group: 5) - control (group: 2)
two groups detected:
 will calculate methylation difference as the difference of
treatment (group: 6) - control (group: 3)
two groups detected:
 will calculate methylation difference as the difference of
treatment (group: 6) - control (group: 5)
two groups detected:
 will calculate methylation difference as the difference of
treatment (group: 3) - control (group: 2)
two groups detected:
 will calculate methylation difference as the difference of
treatment (group: 5) - control (group: 2)
two groups detected:
 will calculate methylation difference as the difference of
treatment (group: 6) - control (group: 3)
two groups detected:
 will calculate methylation difference as the difference of
treatment (group: 6) - control (group: 5)
two groups detected:
 will calculate methylation difference as the difference of
treatment (group: 3) - control (group: 2)
two groups detected:
 will calculate methylation difference as the difference of
treatment (group: 5) - control (group: 2)
two groups detected:
 will calculate methylation difference as the difference of
treatment (group: 6) - control (group: 3)
two groups detected:
 will calculate methylation difference as the difference of
treatment (group: 6) - control (group: 5)
two groups detected:
 will calculate methylation difference as the difference of
treatment (group: 3) - control (group: 2)
two groups detected:
 will calculate methylation difference as the difference of
treatment (group: 5) - control (group: 2)
two groups detected:
 will calculate methylation difference as the difference of
treatment (group: 6) - control (group: 3)
two groups detected:
 will calculate methylation difference as the difference of
treatment (group: 6) - control (group: 5)
two groups detected:
 will calculate methylation difference as the difference of
treatment (group: 3) - control (group: 2)
two groups detected:
 will calculate methylation difference as the difference of
treatment (group: 5) - control (group: 2)
two groups detected:
 will calculate methylation difference as the difference of
treatment (group: 6) - control (group: 3)
two groups detected:
 will calculate methylation difference as the difference of
treatment (group: 6) - control (group: 5)
two groups detected:
 will calculate methylation difference as the difference of
treatment (group: 3) - control (group: 2)
two groups detected:
 will calculate methylation difference as the difference of
treatment (group: 5) - control (group: 2)
two groups detected:
 will calculate methylation difference as the difference of
treatment (group: 6) - control (group: 3)
two groups detected:
 will calculate methylation difference as the difference of
treatment (group: 6) - control (group: 5)
two groups detected:
 will calculate methylation difference as the difference of
treatment (group: 3) - control (group: 2)
two groups detected:
 will calculate methylation difference as the difference of
treatment (group: 5) - control (group: 2)
two groups detected:
 will calculate methylation difference as the difference of
treatment (group: 6) - control (group: 3)
two groups detected:
 will calculate methylation difference as the difference of
treatment (group: 6) - control (group: 5)
two groups detected:
 will calculate methylation difference as the difference of
treatment (group: 3) - control (group: 2)
two groups detected:
 will calculate methylation difference as the difference of
treatment (group: 5) - control (group: 2)
two groups detected:
 will calculate methylation difference as the difference of
treatment (group: 6) - control (group: 3)
two groups detected:
 will calculate methylation difference as the difference of
treatment (group: 6) - control (group: 5)
two groups detected:
 will calculate methylation difference as the difference of
treatment (group: 3) - control (group: 2)
two groups detected:
 will calculate methylation difference as the difference of
treatment (group: 5) - control (group: 2)
two groups detected:
 will calculate methylation difference as the difference of
treatment (group: 6) - control (group: 3)
two groups detected:
 will calculate methylation difference as the difference of
treatment (group: 6) - control (group: 5)
two groups detected:
 will calculate methylation difference as the difference of
treatment (group: 3) - control (group: 2)
two groups detected:
 will calculate methylation difference as the difference of
treatment (group: 5) - control (group: 2)
two groups detected:
 will calculate methylation difference as the difference of
treatment (group: 6) - control (group: 3)
two groups detected:
 will calculate methylation difference as the difference of
treatment (group: 6) - control (group: 5)
two groups detected:
 will calculate methylation difference as the difference of
treatment (group: 3) - control (group: 2)
two groups detected:
 will calculate methylation difference as the difference of
treatment (group: 5) - control (group: 2)
two groups detected:
 will calculate methylation difference as the difference of
treatment (group: 6) - control (group: 3)
two groups detected:
 will calculate methylation difference as the difference of
treatment (group: 6) - control (group: 5)
two groups detected:
 will calculate methylation difference as the difference of
treatment (group: 3) - control (group: 2)
